<?xml version="1.0" encoding="UTF-8"?>
<robot generator="Robot 4.0.3 (Python 3.7.4 on win32)" generated="20210927 18:02:04.593" rpa="false" schemaversion="2">
<suite id="s1" name="Test-Case" source="C:\Estudo\Riachuelo\Riachuelo_classe_1\test-case">
<suite id="s1-s1" name="AbrirHome" source="C:\Estudo\Riachuelo\Riachuelo_classe_1\test-case\AbrirHome.robot">
<test id="s1-s1-t1" name="Cenario 1 : Abrir tela home">
<kw name="Dado que o navegador esta aberto" library="Resource">
<kw name="Open Browser" library="SeleniumLibrary">
<arg>${URL}</arg>
<arg>${BROWSER}</arg>
<doc>Opens a new browser instance to the optional ``url``.</doc>
<msg timestamp="20210927 18:02:05.080" level="INFO">Opening browser 'headlesschrome' to base url 'http://automationpractice.com/index.php'.</msg>
<status status="PASS" starttime="20210927 18:02:05.079" endtime="20210927 18:02:13.371"/>
</kw>
<status status="PASS" starttime="20210927 18:02:05.078" endtime="20210927 18:02:13.371"/>
</kw>
<kw name="Quando acessa a pagina home">
<msg timestamp="20210927 18:02:13.377" level="FAIL">No keyword with name 'Quando acessa a pagina home' found.</msg>
<status status="FAIL" starttime="20210927 18:02:13.377" endtime="20210927 18:02:13.377"/>
</kw>
<kw name="Então a pagina home é exibida">
<status status="NOT RUN" starttime="20210927 18:02:13.386" endtime="20210927 18:02:13.386"/>
</kw>
<status status="FAIL" starttime="20210927 18:02:05.077" endtime="20210927 18:02:13.387">No keyword with name 'Quando acessa a pagina home' found.</status>
</test>
<status status="FAIL" starttime="20210927 18:02:04.638" endtime="20210927 18:02:13.392"/>
</suite>
<status status="FAIL" starttime="20210927 18:02:04.595" endtime="20210927 18:02:13.395"/>
</suite>
<statistics>
<total>
<stat pass="0" fail="1" skip="0">All Tests</stat>
</total>
<tag>
</tag>
<suite>
<stat pass="0" fail="1" skip="0" id="s1" name="Test-Case">Test-Case</stat>
<stat pass="0" fail="1" skip="0" id="s1-s1" name="AbrirHome">Test-Case.AbrirHome</stat>
</suite>
</statistics>
<errors>
</errors>
</robot>
